<?xml version="1.0" encoding="UTF-8"?>
<testsuite xmlns:xsi="http://www.w3.org/2001/XMLSchema-instance" xsi:noNamespaceSchemaLocation="https://maven.apache.org/surefire/maven-surefire-plugin/xsd/surefire-test-report.xsd" version="3.0.2" name="com.bank.aisafetyops.infra.parser.SafetyEventParserTest" time="0.441" tests="3" errors="0" skipped="0" failures="0">
  <properties>
[...]
</properties>
  <testcase name="parsesConfidenceBasedGuardrailFinding" classname="com.bank.aisafetyops.infra.parser.SafetyEventParserTest" time="0.083"/>
  <testcase name="parsesAgentRequest" classname="com.bank.aisafetyops.infra.parser.SafetyEventParserTest" time="0.009"/>
  <testcase name="rejectsGuardrailFindingWithoutTriggered" classname="com.bank.aisafetyops.infra.parser.SafetyEventParserTest" time="0.005"/>
</testsuite>